#
# A fatal error has been detected by the Java Runtime Environment:
#
#  EXCEPTION_ACCESS_VIOLATION (0xc0000005) at pc=0x00007ff857c2b6d9, pid=11168, tid=14304
#
# JRE version: Java(TM) SE Runtime Environment (11.0.1+13) (build 11.0.1+13-LTS)
# Java VM: Java HotSpot(TM) 64-Bit Server VM (11.0.1+13-LTS, mixed mode, tiered, compressed oops, g1 gc, windows-amd64)
# Problematic frame:
# V  [jvm.dll+0x25b6d9]
#
# No core dump will be written. Minidumps are not enabled by default on client versions of Windows
#
# If you would like to submit a bug report, please visit:
#   http://bugreport.java.com/bugreport/crash.jsp
#

---------------  S U M M A R Y ------------

Command Line: -agentlib:jdwp=transport=dt_socket,address=127.0.0.1:13337,suspend=y,server=n -javaagent:C:\Users\49596\.IntelliJIdea2018.2\system\captureAgent\debugger-agent.jar=file:/C:/Users/49596/AppData/Local/Temp/capture.props -Dfile.encoding=UTF-8 Code37

Host: Intel(R) Core(TM) i5-7300HQ CPU @ 2.50GHz, 4 cores, 7G,  Windows 10 , 64 bit Build 17763 (10.0.17763.475)
Time: Tue Feb 18 01:10:09 2020 ?D1¨²¡À¨º¡Á?¨º¡À?? elapsed time: 228 seconds (0d 0h 3m 48s)

---------------  T H R E A D  ---------------

Current thread (0x00000193febd1000):  VMThread "VM Thread" [stack: 0x0000000858700000,0x0000000858800000] [id=14304]

Stack: [0x0000000858700000,0x0000000858800000],  sp=0x00000008587fed88,  free space=1019k
Native frames: (J=compiled Java code, j=interpreted, Vv=VM code, C=native code)
V  [jvm.dll+0x25b6d9]


siginfo: EXCEPTION_ACCESS_VIOLATION (0xc0000005), reading address 0x00000193ff370000


Register to memory mapping:

RIP=0x00007ff857c2b6d9 jvm.dll
RAX=0x0000000000194300 is an unknown value
RBX=0x00000193ff1db170 is pointing into metadata
RCX=0x00000193ff1dbd00 is pointing into metadata
RDX=0x000000000000ca17 is an unknown value
RSP=0x00000008587fed88 points into unknown readable memory
RBP=0x00000008587ff300 points into unknown readable memory
RSI=0x00000008587ff470 points into unknown readable memory
RDI=0x00000008587ff470 points into unknown readable memory
R8 =0x0 is NULL
R9 =0x00000193ff1db170 is pointing into metadata
R10=0x00007ff8579d0000 jvm.dll
R11=0x00000008587ff250 points into unknown readable memory
R12=0x00000193feb8b250 points into unknown readable memory
R13=0x00000000000000f0 is an unknown value
R14=0x00000193ff1dbc09 is pointing into metadata
R15=0x000000000000005c is an unknown value


Registers:
RAX=0x0000000000194300, RBX=0x00000193ff1db170, RCX=0x00000193ff1dbd00, RDX=0x000000000000ca17
RSP=0x00000008587fed88, RBP=0x00000008587ff300, RSI=0x00000008587ff470, RDI=0x00000008587ff470
R8 =0x0000000000000000, R9 =0x00000193ff1db170, R10=0x00007ff8579d0000, R11=0x00000008587ff250
R12=0x00000193feb8b250, R13=0x00000000000000f0, R14=0x00000193ff1dbc09, R15=0x000000000000005c
RIP=0x00007ff857c2b6d9, EFLAGS=0x0000000000010206

Top of Stack: (sp=0x00000008587fed88)
0x00000008587fed88:   00007ff857c2b75e 00000008587fedf0
0x00000008587fed98:   0000000000000000 0000000000000000
0x00000008587feda8:   00007ff8580900f8 0000000000000000
0x00000008587fedb8:   00007ff857d14720 0000000000000000
0x00000008587fedc8:   00000008587ff470 00000008587ff3a0
0x00000008587fedd8:   00007ff85808f9aa 00000008587fee40
0x00000008587fede8:   ffffffffffffffff 00007ff858265c08
0x00000008587fedf8:   00000193feab4b90 0000000000000002
0x00000008587fee08:   00007ff80000000c 00000008587fee30
0x00000008587fee18:   0000000800000001 0000000046000034
0x00000008587fee28:   00000193feb8b294 4fffffff4fffffff
0x00000008587fee38:   4fffffff2fffffff 00007ff858265c08
0x00000008587fee48:   00000193ff752a80 0000000000000017
0x00000008587fee58:   000000000000000e 00000008587fee80
0x00000008587fee68:   00007ff800000005 0000000000000000
0x00000008587fee78:   00007ff8580900f8 2fffffff4fffffff 

Instructions: (pc=0x00007ff857c2b6d9)
0x00007ff857c2b6b9:   c2 48 ff c0 48 c1 e0 05 48 8b 04 08 0f b7 c8 41
0x00007ff857c2b6c9:   0f b7 44 c9 42 c3 48 63 c2 48 ff c0 48 c1 e0 05
0x00007ff857c2b6d9:   48 8b 04 08 0f b7 d0 48 63 c2 41 0f b7 44 c1 42
0x00007ff857c2b6e9:   c3 49 8b 41 08 48 63 ca 0f b6 44 01 04 3c 12 74 


VM_Operation (0x00000008590ff650): GetOrSetLocal, mode: safepoint, requested by thread 0x0000019385f7b800


---------------  P R O C E S S  ---------------

Threads class SMR info:
_java_thread_list=0x00000193ff752fc0, length=13, elements={
0x00000193e487d000, 0x00000193febf8000, 0x00000193fec04000, 0x00000193fec21800,
0x00000193ff4ea000, 0x00000193ff4ec800, 0x00000193ff4f5800, 0x00000193fec2c000,
0x00000193ff669000, 0x0000019385f7b800, 0x0000019385f7c800, 0x00000193ff77b000,
0x00000193ff80f000
}

Java Threads: ( => current thread )
  0x00000193e487d000 JavaThread "main" [_thread_blocked, id=2884, stack(0x0000000858100000,0x0000000858200000)]
  0x00000193febf8000 JavaThread "Reference Handler" daemon [_thread_blocked, id=10204, stack(0x0000000858800000,0x0000000858900000)]
  0x00000193fec04000 JavaThread "Finalizer" daemon [_thread_blocked, id=3660, stack(0x0000000858900000,0x0000000858a00000)]
  0x00000193fec21800 JavaThread "Signal Dispatcher" daemon [_thread_blocked, id=17700, stack(0x0000000858a00000,0x0000000858b00000)]
  0x00000193ff4ea000 JavaThread "Attach Listener" daemon [_thread_blocked, id=18216, stack(0x0000000858b00000,0x0000000858c00000)]
  0x00000193ff4ec800 JavaThread "C2 CompilerThread0" daemon [_thread_blocked, id=14924, stack(0x0000000858c00000,0x0000000858d00000)]
  0x00000193ff4f5800 JavaThread "C1 CompilerThread0" daemon [_thread_blocked, id=12344, stack(0x0000000858d00000,0x0000000858e00000)]
  0x00000193fec2c000 JavaThread "Sweeper thread" daemon [_thread_blocked, id=13976, stack(0x0000000858e00000,0x0000000858f00000)]
  0x00000193ff669000 JavaThread "Common-Cleaner" daemon [_thread_blocked, id=4236, stack(0x0000000858f00000,0x0000000859000000)]
  0x0000019385f7b800 JavaThread "JDWP Transport Listener: dt_socket" daemon [_thread_blocked, id=11112, stack(0x0000000859000000,0x0000000859100000)] _threads_hazard_ptr=0x00000193ff752fc0
  0x0000019385f7c800 JavaThread "JDWP Event Helper Thread" daemon [_thread_blocked, id=9948, stack(0x0000000859100000,0x0000000859200000)]
  0x00000193ff77b000 JavaThread "JDWP Command Reader" daemon [_thread_in_native, id=10456, stack(0x0000000859200000,0x0000000859300000)]
  0x00000193ff80f000 JavaThread "Service Thread" daemon [_thread_blocked, id=14504, stack(0x0000000859300000,0x0000000859400000)]

Other Threads:
=>0x00000193febd1000 VMThread "VM Thread" [stack: 0x0000000858700000,0x0000000858800000] [id=14304]
  0x00000193ff812800 WatcherThread [stack: 0x0000000859400000,0x0000000859500000] [id=12676]
  0x00000193e4895000 GCTaskThread "GC Thread#0" [stack: 0x0000000858200000,0x0000000858300000] [id=8804]
  0x00000193e48c5800 ConcurrentGCThread "G1 Main Marker" [stack: 0x0000000858300000,0x0000000858400000] [id=4136]
  0x00000193e48c7000 ConcurrentGCThread "G1 Conc#0" [stack: 0x0000000858400000,0x0000000858500000] [id=10500]
  0x00000193fea40800 ConcurrentGCThread "G1 Refine#0" [stack: 0x0000000858500000,0x0000000858600000] [id=17072]
  0x00000193fea41800 ConcurrentGCThread "G1 Young RemSet Sampling" [stack: 0x0000000858600000,0x0000000858700000] [id=16404]

Threads with active compile tasks:

VM state:at safepoint (normal execution)

VM Mutex/Monitor currently owned by a thread:  ([mutex/lock_event])
[0x00000193e4879c10] Threads_lock - owner thread: 0x00000193febd1000

Heap address: 0x0000000081a00000, size: 2022 MB, Compressed Oops mode: 32-bit
Narrow klass base: 0x0000000000000000, Narrow klass shift: 3
Compressed class space size: 1073741824 Address: 0x0000000100000000

Heap:
 garbage-first heap   total 131072K, used 2048K [0x0000000081a00000, 0x0000000100000000)
  region size 1024K, 3 young (3072K), 0 survivors (0K)
 Metaspace       used 6369K, capacity 6551K, committed 6784K, reserved 1056768K
  class space    used 551K, capacity 606K, committed 640K, reserved 1048576K
Heap Regions: E=young(eden), S=young(survivor), O=old, HS=humongous(starts), HC=humongous(continues), CS=collection set, F=free, A=archive, TAMS=top-at-mark-start (previous, next)
|   0|0x0000000081a00000, 0x0000000081a00000, 0x0000000081b00000|  0%| F|  |TAMS 0x0000000081a00000, 0x0000000081a00000| Untracked 
|   1|0x0000000081b00000, 0x0000000081b00000, 0x0000000081c00000|  0%| F|  |TAMS 0x0000000081b00000, 0x0000000081b00000| Untracked 
|   2|0x0000000081c00000, 0x0000000081c00000, 0x0000000081d00000|  0%| F|  |TAMS 0x0000000081c00000, 0x0000000081c00000| Untracked 
|   3|0x0000000081d00000, 0x0000000081d00000, 0x0000000081e00000|  0%| F|  |TAMS 0x0000000081d00000, 0x0000000081d00000| Untracked 
|   4|0x0000000081e00000, 0x0000000081e00000, 0x0000000081f00000|  0%| F|  |TAMS 0x0000000081e00000, 0x0000000081e00000| Untracked 
|   5|0x0000000081f00000, 0x0000000081f00000, 0x0000000082000000|  0%| F|  |TAMS 0x0000000081f00000, 0x0000000081f00000| Untracked 
|   6|0x0000000082000000, 0x0000000082000000, 0x0000000082100000|  0%| F|  |TAMS 0x0000000082000000, 0x0000000082000000| Untracked 
|   7|0x0000000082100000, 0x0000000082100000, 0x0000000082200000|  0%| F|  |TAMS 0x0000000082100000, 0x0000000082100000| Untracked 
|   8|0x0000000082200000, 0x0000000082200000, 0x0000000082300000|  0%| F|  |TAMS 0x0000000082200000, 0x0000000082200000| Untracked 
|   9|0x0000000082300000, 0x0000000082300000, 0x0000000082400000|  0%| F|  |TAMS 0x0000000082300000, 0x0000000082300000| Untracked 
|  10|0x0000000082400000, 0x0000000082400000, 0x0000000082500000|  0%| F|  |TAMS 0x0000000082400000, 0x0000000082400000| Untracked 
|  11|0x0000000082500000, 0x0000000082500000, 0x0000000082600000|  0%| F|  |TAMS 0x0000000082500000, 0x0000000082500000| Untracked 
|  12|0x0000000082600000, 0x0000000082600000, 0x0000000082700000|  0%| F|  |TAMS 0x0000000082600000, 0x0000000082600000| Untracked 
|  13|0x0000000082700000, 0x0000000082700000, 0x0000000082800000|  0%| F|  |TAMS 0x0000000082700000, 0x0000000082700000| Untracked 
|  14|0x0000000082800000, 0x0000000082800000, 0x0000000082900000|  0%| F|  |TAMS 0x0000000082800000, 0x0000000082800000| Untracked 
|  15|0x0000000082900000, 0x0000000082900000, 0x0000000082a00000|  0%| F|  |TAMS 0x0000000082900000, 0x0000000082900000| Untracked 
|  16|0x0000000082a00000, 0x0000000082a00000, 0x0000000082b00000|  0%| F|  |TAMS 0x0000000082a00000, 0x0000000082a00000| Untracked 
|  17|0x0000000082b00000, 0x0000000082b00000, 0x0000000082c00000|  0%| F|  |TAMS 0x0000000082b00000, 0x0000000082b00000| Untracked 
|  18|0x0000000082c00000, 0x0000000082c00000, 0x0000000082d00000|  0%| F|  |TAMS 0x0000000082c00000, 0x0000000082c00000| Untracked 
|  19|0x0000000082d00000, 0x0000000082d00000, 0x0000000082e00000|  0%| F|  |TAMS 0x0000000082d00000, 0x0000000082d00000| Untracked 
|  20|0x0000000082e00000, 0x0000000082e00000, 0x0000000082f00000|  0%| F|  |TAMS 0x0000000082e00000, 0x0000000082e00000| Untracked 
|  21|0x0000000082f00000, 0x0000000082f00000, 0x0000000083000000|  0%| F|  |TAMS 0x0000000082f00000, 0x0000000082f00000| Untracked 
|  22|0x0000000083000000, 0x0000000083000000, 0x0000000083100000|  0%| F|  |TAMS 0x0000000083000000, 0x0000000083000000| Untracked 
|  23|0x0000000083100000, 0x0000000083100000, 0x0000000083200000|  0%| F|  |TAMS 0x0000000083100000, 0x0000000083100000| Untracked 
|  24|0x0000000083200000, 0x0000000083200000, 0x0000000083300000|  0%| F|  |TAMS 0x0000000083200000, 0x0000000083200000| Untracked 
|  25|0x0000000083300000, 0x0000000083300000, 0x0000000083400000|  0%| F|  |TAMS 0x0000000083300000, 0x0000000083300000| Untracked 
|  26|0x0000000083400000, 0x0000000083400000, 0x0000000083500000|  0%| F|  |TAMS 0x0000000083400000, 0x0000000083400000| Untracked 
|  27|0x0000000083500000, 0x0000000083500000, 0x0000000083600000|  0%| F|  |TAMS 0x0000000083500000, 0x0000000083500000| Untracked 
|  28|0x0000000083600000, 0x0000000083600000, 0x0000000083700000|  0%| F|  |TAMS 0x0000000083600000, 0x0000000083600000| Untracked 
|  29|0x0000000083700000, 0x0000000083700000, 0x0000000083800000|  0%| F|  |TAMS 0x0000000083700000, 0x0000000083700000| Untracked 
|  30|0x0000000083800000, 0x0000000083800000, 0x0000000083900000|  0%| F|  |TAMS 0x0000000083800000, 0x0000000083800000| Untracked 
|  31|0x0000000083900000, 0x0000000083900000, 0x0000000083a00000|  0%| F|  |TAMS 0x0000000083900000, 0x0000000083900000| Untracked 
|  32|0x0000000083a00000, 0x0000000083a00000, 0x0000000083b00000|  0%| F|  |TAMS 0x0000000083a00000, 0x0000000083a00000| Untracked 
|  33|0x0000000083b00000, 0x0000000083b00000, 0x0000000083c00000|  0%| F|  |TAMS 0x0000000083b00000, 0x0000000083b00000| Untracked 
|  34|0x0000000083c00000, 0x0000000083c00000, 0x0000000083d00000|  0%| F|  |TAMS 0x0000000083c00000, 0x0000000083c00000| Untracked 
|  35|0x0000000083d00000, 0x0000000083d00000, 0x0000000083e00000|  0%| F|  |TAMS 0x0000000083d00000, 0x0000000083d00000| Untracked 
|  36|0x0000000083e00000, 0x0000000083e00000, 0x0000000083f00000|  0%| F|  |TAMS 0x0000000083e00000, 0x0000000083e00000| Untracked 
|  37|0x0000000083f00000, 0x0000000083f00000, 0x0000000084000000|  0%| F|  |TAMS 0x0000000083f00000, 0x0000000083f00000| Untracked 
|  38|0x0000000084000000, 0x0000000084000000, 0x0000000084100000|  0%| F|  |TAMS 0x0000000084000000, 0x0000000084000000| Untracked 
|  39|0x0000000084100000, 0x0000000084100000, 0x0000000084200000|  0%| F|  |TAMS 0x0000000084100000, 0x0000000084100000| Untracked 
|  40|0x0000000084200000, 0x0000000084200000, 0x0000000084300000|  0%| F|  |TAMS 0x0000000084200000, 0x0000000084200000| Untracked 
|  41|0x0000000084300000, 0x0000000084300000, 0x0000000084400000|  0%| F|  |TAMS 0x0000000084300000, 0x0000000084300000| Untracked 
|  42|0x0000000084400000, 0x0000000084400000, 0x0000000084500000|  0%| F|  |TAMS 0x0000000084400000, 0x0000000084400000| Untracked 
|  43|0x0000000084500000, 0x0000000084500000, 0x0000000084600000|  0%| F|  |TAMS 0x0000000084500000, 0x0000000084500000| Untracked 
|  44|0x0000000084600000, 0x0000000084600000, 0x0000000084700000|  0%| F|  |TAMS 0x0000000084600000, 0x0000000084600000| Untracked 
|  45|0x0000000084700000, 0x0000000084700000, 0x0000000084800000|  0%| F|  |TAMS 0x0000000084700000, 0x0000000084700000| Untracked 
|  46|0x0000000084800000, 0x0000000084800000, 0x0000000084900000|  0%| F|  |TAMS 0x0000000084800000, 0x0000000084800000| Untracked 
|  47|0x0000000084900000, 0x0000000084900000, 0x0000000084a00000|  0%| F|  |TAMS 0x0000000084900000, 0x0000000084900000| Untracked 
|  48|0x0000000084a00000, 0x0000000084a00000, 0x0000000084b00000|  0%| F|  |TAMS 0x0000000084a00000, 0x0000000084a00000| Untracked 
|  49|0x0000000084b00000, 0x0000000084b00000, 0x0000000084c00000|  0%| F|  |TAMS 0x0000000084b00000, 0x0000000084b00000| Untracked 
|  50|0x0000000084c00000, 0x0000000084c00000, 0x0000000084d00000|  0%| F|  |TAMS 0x0000000084c00000, 0x0000000084c00000| Untracked 
|  51|0x0000000084d00000, 0x0000000084d00000, 0x0000000084e00000|  0%| F|  |TAMS 0x0000000084d00000, 0x0000000084d00000| Untracked 
|  52|0x0000000084e00000, 0x0000000084e00000, 0x0000000084f00000|  0%| F|  |TAMS 0x0000000084e00000, 0x0000000084e00000| Untracked 
|  53|0x0000000084f00000, 0x0000000084f00000, 0x0000000085000000|  0%| F|  |TAMS 0x0000000084f00000, 0x0000000084f00000| Untracked 
|  54|0x0000000085000000, 0x0000000085000000, 0x0000000085100000|  0%| F|  |TAMS 0x0000000085000000, 0x0000000085000000| Untracked 
|  55|0x0000000085100000, 0x0000000085100000, 0x0000000085200000|  0%| F|  |TAMS 0x0000000085100000, 0x0000000085100000| Untracked 
|  56|0x0000000085200000, 0x0000000085200000, 0x0000000085300000|  0%| F|  |TAMS 0x0000000085200000, 0x0000000085200000| Untracked 
|  57|0x0000000085300000, 0x0000000085300000, 0x0000000085400000|  0%| F|  |TAMS 0x0000000085300000, 0x0000000085300000| Untracked 
|  58|0x0000000085400000, 0x0000000085400000, 0x0000000085500000|  0%| F|  |TAMS 0x0000000085400000, 0x0000000085400000| Untracked 
|  59|0x0000000085500000, 0x0000000085500000, 0x0000000085600000|  0%| F|  |TAMS 0x0000000085500000, 0x0000000085500000| Untracked 
|  60|0x0000000085600000, 0x0000000085600000, 0x0000000085700000|  0%| F|  |TAMS 0x0000000085600000, 0x0000000085600000| Untracked 
|  61|0x0000000085700000, 0x0000000085700000, 0x0000000085800000|  0%| F|  |TAMS 0x0000000085700000, 0x0000000085700000| Untracked 
|  62|0x0000000085800000, 0x0000000085800000, 0x0000000085900000|  0%| F|  |TAMS 0x0000000085800000, 0x0000000085800000| Untracked 
|  63|0x0000000085900000, 0x0000000085900000, 0x0000000085a00000|  0%| F|  |TAMS 0x0000000085900000, 0x0000000085900000| Untracked 
|  64|0x0000000085a00000, 0x0000000085a00000, 0x0000000085b00000|  0%| F|  |TAMS 0x0000000085a00000, 0x0000000085a00000| Untracked 
|  65|0x0000000085b00000, 0x0000000085b00000, 0x0000000085c00000|  0%| F|  |TAMS 0x0000000085b00000, 0x0000000085b00000| Untracked 
|  66|0x0000000085c00000, 0x0000000085c00000, 0x0000000085d00000|  0%| F|  |TAMS 0x0000000085c00000, 0x0000000085c00000| Untracked 
|  67|0x0000000085d00000, 0x0000000085d00000, 0x0000000085e00000|  0%| F|  |TAMS 0x0000000085d00000, 0x0000000085d00000| Untracked 
|  68|0x0000000085e00000, 0x0000000085e00000, 0x0000000085f00000|  0%| F|  |TAMS 0x0000000085e00000, 0x0000000085e00000| Untracked 
|  69|0x0000000085f00000, 0x0000000085f00000, 0x0000000086000000|  0%| F|  |TAMS 0x0000000085f00000, 0x0000000085f00000| Untracked 
|  70|0x0000000086000000, 0x0000000086000000, 0x0000000086100000|  0%| F|  |TAMS 0x0000000086000000, 0x0000000086000000| Untracked 
|  71|0x0000000086100000, 0x0000000086100000, 0x0000000086200000|  0%| F|  |TAMS 0x0000000086100000, 0x0000000086100000| Untracked 
|  72|0x0000000086200000, 0x0000000086200000, 0x0000000086300000|  0%| F|  |TAMS 0x0000000086200000, 0x0000000086200000| Untracked 
|  73|0x0000000086300000, 0x0000000086300000, 0x0000000086400000|  0%| F|  |TAMS 0x0000000086300000, 0x0000000086300000| Untracked 
|  74|0x0000000086400000, 0x0000000086400000, 0x0000000086500000|  0%| F|  |TAMS 0x0000000086400000, 0x0000000086400000| Untracked 
|  75|0x0000000086500000, 0x0000000086500000, 0x0000000086600000|  0%| F|  |TAMS 0x0000000086500000, 0x0000000086500000| Untracked 
|  76|0x0000000086600000, 0x0000000086600000, 0x0000000086700000|  0%| F|  |TAMS 0x0000000086600000, 0x0000000086600000| Untracked 
|  77|0x0000000086700000, 0x0000000086700000, 0x0000000086800000|  0%| F|  |TAMS 0x0000000086700000, 0x0000000086700000| Untracked 
|  78|0x0000000086800000, 0x0000000086800000, 0x0000000086900000|  0%| F|  |TAMS 0x0000000086800000, 0x0000000086800000| Untracked 
|  79|0x0000000086900000, 0x0000000086900000, 0x0000000086a00000|  0%| F|  |TAMS 0x0000000086900000, 0x0000000086900000| Untracked 
|  80|0x0000000086a00000, 0x0000000086a00000, 0x0000000086b00000|  0%| F|  |TAMS 0x0000000086a00000, 0x0000000086a00000| Untracked 
|  81|0x0000000086b00000, 0x0000000086b00000, 0x0000000086c00000|  0%| F|  |TAMS 0x0000000086b00000, 0x0000000086b00000| Untracked 
|  82|0x0000000086c00000, 0x0000000086c00000, 0x0000000086d00000|  0%| F|  |TAMS 0x0000000086c00000, 0x0000000086c00000| Untracked 
|  83|0x0000000086d00000, 0x0000000086d00000, 0x0000000086e00000|  0%| F|  |TAMS 0x0000000086d00000, 0x0000000086d00000| Untracked 
|  84|0x0000000086e00000, 0x0000000086e00000, 0x0000000086f00000|  0%| F|  |TAMS 0x0000000086e00000, 0x0000000086e00000| Untracked 
|  85|0x0000000086f00000, 0x0000000086f00000, 0x0000000087000000|  0%| F|  |TAMS 0x0000000086f00000, 0x0000000086f00000| Untracked 
|  86|0x0000000087000000, 0x0000000087000000, 0x0000000087100000|  0%| F|  |TAMS 0x0000000087000000, 0x0000000087000000| Untracked 
|  87|0x0000000087100000, 0x0000000087100000, 0x0000000087200000|  0%| F|  |TAMS 0x0000000087100000, 0x0000000087100000| Untracked 
|  88|0x0000000087200000, 0x0000000087200000, 0x0000000087300000|  0%| F|  |TAMS 0x0000000087200000, 0x0000000087200000| Untracked 
|  89|0x0000000087300000, 0x0000000087300000, 0x0000000087400000|  0%| F|  |TAMS 0x0000000087300000, 0x0000000087300000| Untracked 
|  90|0x0000000087400000, 0x0000000087400000, 0x0000000087500000|  0%| F|  |TAMS 0x0000000087400000, 0x0000000087400000| Untracked 
|  91|0x0000000087500000, 0x0000000087500000, 0x0000000087600000|  0%| F|  |TAMS 0x0000000087500000, 0x0000000087500000| Untracked 
|  92|0x0000000087600000, 0x0000000087600000, 0x0000000087700000|  0%| F|  |TAMS 0x0000000087600000, 0x0000000087600000| Untracked 
|  93|0x0000000087700000, 0x0000000087700000, 0x0000000087800000|  0%| F|  |TAMS 0x0000000087700000, 0x0000000087700000| Untracked 
|  94|0x0000000087800000, 0x0000000087800000, 0x0000000087900000|  0%| F|  |TAMS 0x0000000087800000, 0x0000000087800000| Untracked 
|  95|0x0000000087900000, 0x0000000087900000, 0x0000000087a00000|  0%| F|  |TAMS 0x0000000087900000, 0x0000000087900000| Untracked 
|  96|0x0000000087a00000, 0x0000000087a00000, 0x0000000087b00000|  0%| F|  |TAMS 0x0000000087a00000, 0x0000000087a00000| Untracked 
|  97|0x0000000087b00000, 0x0000000087b00000, 0x0000000087c00000|  0%| F|  |TAMS 0x0000000087b00000, 0x0000000087b00000| Untracked 
|  98|0x0000000087c00000, 0x0000000087c00000, 0x0000000087d00000|  0%| F|  |TAMS 0x0000000087c00000, 0x0000000087c00000| Untracked 
|  99|0x0000000087d00000, 0x0000000087d00000, 0x0000000087e00000|  0%| F|  |TAMS 0x0000000087d00000, 0x0000000087d00000| Untracked 
| 100|0x0000000087e00000, 0x0000000087e00000, 0x0000000087f00000|  0%| F|  |TAMS 0x0000000087e00000, 0x0000000087e00000| Untracked 
| 101|0x0000000087f00000, 0x0000000087f00000, 0x0000000088000000|  0%| F|  |TAMS 0x0000000087f00000, 0x0000000087f00000| Untracked 
| 102|0x0000000088000000, 0x0000000088000000, 0x0000000088100000|  0%| F|  |TAMS 0x0000000088000000, 0x0000000088000000| Untracked 
| 103|0x0000000088100000, 0x0000000088100000, 0x0000000088200000|  0%| F|  |TAMS 0x0000000088100000, 0x0000000088100000| Untracked 
| 104|0x0000000088200000, 0x0000000088200000, 0x0000000088300000|  0%| F|  |TAMS 0x0000000088200000, 0x0000000088200000| Untracked 
| 105|0x0000000088300000, 0x0000000088300000, 0x0000000088400000|  0%| F|  |TAMS 0x0000000088300000, 0x0000000088300000| Untracked 
| 106|0x0000000088400000, 0x0000000088400000, 0x0000000088500000|  0%| F|  |TAMS 0x0000000088400000, 0x0000000088400000| Untracked 
| 107|0x0000000088500000, 0x0000000088500000, 0x0000000088600000|  0%| F|  |TAMS 0x0000000088500000, 0x0000000088500000| Untracked 
| 108|0x0000000088600000, 0x0000000088600000, 0x0000000088700000|  0%| F|  |TAMS 0x0000000088600000, 0x0000000088600000| Untracked 
| 109|0x0000000088700000, 0x0000000088700000, 0x0000000088800000|  0%| F|  |TAMS 0x0000000088700000, 0x0000000088700000| Untracked 
| 110|0x0000000088800000, 0x0000000088800000, 0x0000000088900000|  0%| F|  |TAMS 0x0000000088800000, 0x0000000088800000| Untracked 
| 111|0x0000000088900000, 0x0000000088900000, 0x0000000088a00000|  0%| F|  |TAMS 0x0000000088900000, 0x0000000088900000| Untracked 
| 112|0x0000000088a00000, 0x0000000088a00000, 0x0000000088b00000|  0%| F|  |TAMS 0x0000000088a00000, 0x0000000088a00000| Untracked 
| 113|0x0000000088b00000, 0x0000000088b00000, 0x0000000088c00000|  0%| F|  |TAMS 0x0000000088b00000, 0x0000000088b00000| Untracked 
| 114|0x0000000088c00000, 0x0000000088c00000, 0x0000000088d00000|  0%| F|  |TAMS 0x0000000088c00000, 0x0000000088c00000| Untracked 
| 115|0x0000000088d00000, 0x0000000088d00000, 0x0000000088e00000|  0%| F|  |TAMS 0x0000000088d00000, 0x0000000088d00000| Untracked 
| 116|0x0000000088e00000, 0x0000000088e00000, 0x0000000088f00000|  0%| F|  |TAMS 0x0000000088e00000, 0x0000000088e00000| Untracked 
| 117|0x0000000088f00000, 0x0000000088f00000, 0x0000000089000000|  0%| F|  |TAMS 0x0000000088f00000, 0x0000000088f00000| Untracked 
| 118|0x0000000089000000, 0x0000000089000000, 0x0000000089100000|  0%| F|  |TAMS 0x0000000089000000, 0x0000000089000000| Untracked 
| 119|0x0000000089100000, 0x0000000089100000, 0x0000000089200000|  0%| F|  |TAMS 0x0000000089100000, 0x0000000089100000| Untracked 
| 120|0x0000000089200000, 0x0000000089200000, 0x0000000089300000|  0%| F|  |TAMS 0x0000000089200000, 0x0000000089200000| Untracked 
| 121|0x0000000089300000, 0x0000000089300000, 0x0000000089400000|  0%| F|  |TAMS 0x0000000089300000, 0x0000000089300000| Untracked 
| 122|0x0000000089400000, 0x0000000089400000, 0x0000000089500000|  0%| F|  |TAMS 0x0000000089400000, 0x0000000089400000| Untracked 
| 123|0x0000000089500000, 0x0000000089500000, 0x0000000089600000|  0%| F|  |TAMS 0x0000000089500000, 0x0000000089500000| Untracked 
| 124|0x0000000089600000, 0x0000000089600000, 0x0000000089700000|  0%| F|  |TAMS 0x0000000089600000, 0x0000000089600000| Untracked 
| 125|0x0000000089700000, 0x0000000089792988, 0x0000000089800000| 57%| E|  |TAMS 0x0000000089700000, 0x0000000089700000| Complete 
| 126|0x0000000089800000, 0x0000000089900000, 0x0000000089900000|100%| E|CS|TAMS 0x0000000089800000, 0x0000000089800000| Complete 
| 127|0x0000000089900000, 0x0000000089a00000, 0x0000000089a00000|100%| E|CS|TAMS 0x0000000089900000, 0x0000000089900000| Complete 

Card table byte_map: [0x00000193fdda0000,0x00000193fe1a0000] _byte_map_base: 0x00000193fd993000

Marking Bits (Prev, Next): (CMBitMap*) 0x00000193e48bcce8, (CMBitMap*) 0x00000193e48bcd20
 Prev Bits: [0x0000019380000000, 0x0000019381f98000)
 Next Bits: [0x0000019381fa0000, 0x0000019383f38000)

Polling page: 0x00000193e4950000

Metaspace:

Usage:
  Non-class:      5.81 MB capacity,     5.68 MB ( 98%) used,   122.70 KB (  2%) free+waste,     3.88 KB ( <1%) overhead. 
      Class:    606.00 KB capacity,   551.49 KB ( 91%) used,    52.70 KB (  9%) free+waste,     1.81 KB ( <1%) overhead. 
       Both:      6.40 MB capacity,     6.22 MB ( 97%) used,   175.40 KB (  3%) free+waste,     5.69 KB ( <1%) overhead. 

Virtual space:
  Non-class space:        8.00 MB reserved,       6.00 MB ( 75%) committed 
      Class space:        1.00 GB reserved,     640.00 KB ( <1%) committed 
             Both:        1.01 GB reserved,       6.63 MB ( <1%) committed 

Chunk freelists:
   Non-Class:  896 bytes
       Class:  256 bytes
        Both:  1.13 KB

CodeHeap 'non-profiled nmethods': size=120064Kb used=66Kb max_used=66Kb free=119997Kb
 bounds [0x00000193f5e30000, 0x00000193f60a0000, 0x00000193fd370000]
CodeHeap 'profiled nmethods': size=120000Kb used=284Kb max_used=284Kb free=119715Kb
 bounds [0x00000193ee900000, 0x00000193eeb70000, 0x00000193f5e30000]
CodeHeap 'non-nmethods': size=5696Kb used=1133Kb max_used=1143Kb free=4562Kb
 bounds [0x00000193ee370000, 0x00000193ee5e0000, 0x00000193ee900000]
 total_blobs=625 nmethods=220 adapters=254
 compilation: enabled
              stopped_count=0, restarted_count=0
 full_count=0

Compilation events (10 events):
Event: 0.237 Thread 0x00000193ff4f5800  216       3       java.lang.AbstractStringBuilder::append (45 bytes)
Event: 0.237 Thread 0x00000193ff4f5800 nmethod 216 0x00000193ee944090 code [0x00000193ee9442c0, 0x00000193ee944840]
Event: 0.237 Thread 0x00000193ff4f5800  217       3       java.lang.String::getBytes (44 bytes)
Event: 0.237 Thread 0x00000193ff4f5800 nmethod 217 0x00000193ee944a90 code [0x00000193ee944c80, 0x00000193ee945040]
Event: 0.238 Thread 0x00000193ff4f5800  218       3       java.lang.AbstractStringBuilder::newCapacity (55 bytes)
Event: 0.238 Thread 0x00000193ff4f5800 nmethod 218 0x00000193ee945210 code [0x00000193ee9453e0, 0x00000193ee945690]
Event: 0.238 Thread 0x00000193ff4f5800  219       3       java.lang.StringLatin1::replace (196 bytes)
Event: 0.239 Thread 0x00000193ff4f5800 nmethod 219 0x00000193ee945790 code [0x00000193ee945a00, 0x00000193ee9466e0]
Event: 0.243 Thread 0x00000193ff4f5800  220       3       java.util.Arrays::copyOf (19 bytes)
Event: 0.243 Thread 0x00000193ff4f5800 nmethod 220 0x00000193ee946b90 code [0x00000193ee946d60, 0x00000193ee9470b0]

GC Heap History (0 events):
No events

Deoptimization events (0 events):
No events

Classes redefined (3 events):
Event: 81.441 Thread 0x00000193febd1000 redefined class name=Code37, count=1
Event: 182.336 Thread 0x00000193febd1000 redefined class name=Code37, count=2
Event: 227.995 Thread 0x00000193febd1000 redefined class name=Code37, count=3

Internal exceptions (0 events):
No events

Events (10 events):
Event: 228.046 Executing VM operation: ChangeBreakpoints done
Event: 228.048 Executing VM operation: ChangeBreakpoints
Event: 228.048 Executing VM operation: ChangeBreakpoints done
Event: 228.068 Executing VM operation: GetFrameCount
Event: 228.068 Executing VM operation: GetFrameCount done
Event: 228.069 Executing VM operation: GetStackTrace
Event: 228.069 Executing VM operation: GetStackTrace done
Event: 228.069 Executing VM operation: GetFrameLocation
Event: 228.069 Executing VM operation: GetFrameLocation done
Event: 228.070 Executing VM operation: GetOrSetLocal


Dynamic libraries:
0x00007ff669070000 - 0x00007ff6690b7000 	C:\Program Files\Java\jdk-11.0.1\bin\java.exe
0x00007ff8a1200000 - 0x00007ff8a13ed000 	C:\WINDOWS\SYSTEM32\ntdll.dll
0x00007ff89e6b0000 - 0x00007ff89e763000 	C:\WINDOWS\System32\KERNEL32.DLL
0x00007ff89dfa0000 - 0x00007ff89e233000 	C:\WINDOWS\System32\KERNELBASE.dll
0x00007ff8a0ad0000 - 0x00007ff8a0b73000 	C:\WINDOWS\System32\ADVAPI32.dll
0x00007ff8a0c20000 - 0x00007ff8a0cbe000 	C:\WINDOWS\System32\msvcrt.dll
0x00007ff8a0b80000 - 0x00007ff8a0c1e000 	C:\WINDOWS\System32\sechost.dll
0x00007ff89feb0000 - 0x00007ff89ffd2000 	C:\WINDOWS\System32\RPCRT4.dll
0x00007ff8a0930000 - 0x00007ff8a0ac7000 	C:\WINDOWS\System32\USER32.dll
0x00007ff89dea0000 - 0x00007ff89dec0000 	C:\WINDOWS\System32\win32u.dll
0x00007ff8a10b0000 - 0x00007ff8a10d9000 	C:\WINDOWS\System32\GDI32.dll
0x00007ff89dd00000 - 0x00007ff89de99000 	C:\WINDOWS\System32\gdi32full.dll
0x00007ff89d460000 - 0x00007ff89d500000 	C:\WINDOWS\System32\msvcp_win.dll
0x00007ff89d2e0000 - 0x00007ff89d3da000 	C:\WINDOWS\System32\ucrtbase.dll
0x00007ff892bd0000 - 0x00007ff892bda000 	C:\WINDOWS\SYSTEM32\VERSION.dll
0x00007ff889330000 - 0x00007ff8895a9000 	C:\WINDOWS\WinSxS\amd64_microsoft.windows.common-controls_6595b64144ccf1df_6.0.17763.1039_none_de701650534c7021\COMCTL32.dll
0x00007ff8a0530000 - 0x00007ff8a085c000 	C:\WINDOWS\System32\combase.dll
0x00007ff89d3e0000 - 0x00007ff89d45e000 	C:\WINDOWS\System32\bcryptPrimitives.dll
0x00007ff89e770000 - 0x00007ff89e79e000 	C:\WINDOWS\System32\IMM32.DLL
0x00007ff893f10000 - 0x00007ff893f26000 	C:\Program Files\Java\jdk-11.0.1\bin\vcruntime140.dll
0x00007ff8839a0000 - 0x00007ff883a4a000 	C:\Program Files\Java\jdk-11.0.1\bin\msvcp140.dll
0x00007ff8579d0000 - 0x00007ff858512000 	C:\Program Files\Java\jdk-11.0.1\bin\server\jvm.dll
0x00007ff89fe00000 - 0x00007ff89fe08000 	C:\WINDOWS\System32\PSAPI.DLL
0x00007ff89b130000 - 0x00007ff89b139000 	C:\WINDOWS\SYSTEM32\WSOCK32.dll
0x00007ff8a1160000 - 0x00007ff8a11cd000 	C:\WINDOWS\System32\WS2_32.dll
0x00007ff89b040000 - 0x00007ff89b064000 	C:\WINDOWS\SYSTEM32\WINMM.dll
0x00007ff89b010000 - 0x00007ff89b03d000 	C:\WINDOWS\SYSTEM32\WINMMBASE.dll
0x00007ff89dc50000 - 0x00007ff89dc9a000 	C:\WINDOWS\System32\cfgmgr32.dll
0x00007ff89d1f0000 - 0x00007ff89d201000 	C:\WINDOWS\System32\kernel.appcore.dll
0x00007ff893690000 - 0x00007ff8936a1000 	C:\Program Files\Java\jdk-11.0.1\bin\verify.dll
0x00007ff89bc70000 - 0x00007ff89be5d000 	C:\WINDOWS\SYSTEM32\DBGHELP.DLL
0x00007ff87e500000 - 0x00007ff87e52a000 	C:\WINDOWS\SYSTEM32\dbgcore.DLL
0x00007ff889880000 - 0x00007ff8898a9000 	C:\Program Files\Java\jdk-11.0.1\bin\java.dll
0x00007ff889800000 - 0x00007ff889837000 	C:\Program Files\Java\jdk-11.0.1\bin\jdwp.dll
0x00007ff8876e0000 - 0x00007ff88770f000 	C:\Program Files\Java\jdk-11.0.1\bin\instrument.dll
0x00007ff891050000 - 0x00007ff891066000 	C:\Program Files\Java\jdk-11.0.1\bin\zip.dll
0x00007ff8990e0000 - 0x00007ff8990ea000 	C:\Program Files\Java\jdk-11.0.1\bin\jimage.dll
0x00007ff89e900000 - 0x00007ff89fdf4000 	C:\WINDOWS\System32\SHELL32.dll
0x00007ff89e420000 - 0x00007ff89e4c8000 	C:\WINDOWS\System32\shcore.dll
0x00007ff89d500000 - 0x00007ff89dc4d000 	C:\WINDOWS\System32\windows.storage.dll
0x00007ff89d210000 - 0x00007ff89d234000 	C:\WINDOWS\System32\profapi.dll
0x00007ff89d260000 - 0x00007ff89d2bd000 	C:\WINDOWS\System32\powrprof.dll
0x00007ff8a08d0000 - 0x00007ff8a0922000 	C:\WINDOWS\System32\shlwapi.dll
0x00007ff89d2c0000 - 0x00007ff89d2d7000 	C:\WINDOWS\System32\cryptsp.dll
0x00007ff896e40000 - 0x00007ff896e4a000 	C:\Program Files\Java\jdk-11.0.1\bin\dt_socket.dll
0x00007ff89ca60000 - 0x00007ff89cac7000 	C:\WINDOWS\system32\mswsock.dll
0x00007ff889960000 - 0x00007ff889979000 	C:\Program Files\Java\jdk-11.0.1\bin\net.dll
0x00007ff890800000 - 0x00007ff8908f2000 	C:\WINDOWS\SYSTEM32\WINHTTP.dll
0x00007ff8876c0000 - 0x00007ff8876d3000 	C:\Program Files\Java\jdk-11.0.1\bin\nio.dll

dbghelp: loaded successfully - version: 4.0.5 - missing functions: none
symbol engine: initialized successfully - sym options: 0x614 - pdb path: .;C:\Program Files\Java\jdk-11.0.1\bin;C:\WINDOWS\SYSTEM32;C:\WINDOWS\WinSxS\amd64_microsoft.windows.common-controls_6595b64144ccf1df_6.0.17763.1039_none_de701650534c7021;C:\Program Files\Java\jdk-11.0.1\bin\server

VM Arguments:
jvm_args: -agentlib:jdwp=transport=dt_socket,address=127.0.0.1:13337,suspend=y,server=n -javaagent:C:\Users\49596\.IntelliJIdea2018.2\system\captureAgent\debugger-agent.jar=file:/C:/Users/49596/AppData/Local/Temp/capture.props -Dfile.encoding=UTF-8 
java_command: Code37
java_class_path (initial): D:\ide\sjjg\target\classes;E:\IDEA\IntelliJ IDEA 2018.2.5\lib\idea_rt.jar
Launcher Type: SUN_STANDARD

[Global flags]
     intx CICompilerCount                          = 3                                         {product} {ergonomic}
     uint ConcGCThreads                            = 1                                         {product} {ergonomic}
     uint G1ConcRefinementThreads                  = 4                                         {product} {ergonomic}
   size_t G1HeapRegionSize                         = 1048576                                   {product} {ergonomic}
    uintx GCDrainStackTargetSize                   = 64                                        {product} {ergonomic}
   size_t InitialHeapSize                          = 134217728                                 {product} {ergonomic}
   size_t MarkStackSize                            = 4194304                                   {product} {ergonomic}
   size_t MaxHeapSize                              = 2120220672                                {product} {ergonomic}
   size_t MaxNewSize                               = 1271922688                                {product} {ergonomic}
   size_t MinHeapDeltaBytes                        = 1048576                                   {product} {ergonomic}
    uintx NonNMethodCodeHeapSize                   = 5830092                                {pd product} {ergonomic}
    uintx NonProfiledCodeHeapSize                  = 122914074                              {pd product} {ergonomic}
    uintx ProfiledCodeHeapSize                     = 122914074                              {pd product} {ergonomic}
    uintx ReservedCodeCacheSize                    = 251658240                              {pd product} {ergonomic}
     bool SegmentedCodeCache                       = true                                      {product} {ergonomic}
     bool UseCompressedClassPointers               = true                                 {lp64_product} {ergonomic}
     bool UseCompressedOops                        = true                                 {lp64_product} {ergonomic}
     bool UseG1GC                                  = true                                      {product} {ergonomic}
     bool UseLargePagesIndividualAllocation        = false                                  {pd product} {ergonomic}

Logging:
Log output configuration:
 #0: stdout all=warning uptime,level,tags
 #1: stderr all=off uptime,level,tags

Environment Variables:
JAVA_HOME=C:\Program Files\Java\jdk-11.0.1
CLASSPATH=.;C:\Program Files\Java\jdk-11.0.1\dt.jar;C:\Program Files\Java\jdk-11.0.1\lib\tools.jar
PATH=C:\Program Files\MySQL\MySQL Server 8.0\bin;C:\Program Files\Java\jdk-11.0.1\bin;C:\Program Files\Java\jdk-11.0.1\jre\bin;";C:\Program Files\Intel\iCLS Client\;C:\Windows\system32;C:\Windows;C:\Windows\System32\Wbem;C:\Windows\System32\WindowsPowerShell\v1.0\;C:\Program Files (x86)\NVIDIA Corporation\PhysX\Common;C:\Program Files (x86)\Intel\Intel(R) Management Engine Components\DAL;C:\Program Files\Intel\Intel(R) Management Engine Components\DAL;C:\Program Files (x86)\Intel\Intel(R) Management Engine Components\IPT;C:\Program Files\Intel\Intel(R) Management Engine Components\IPT;C:\WINDOWS\system32;C:\WINDOWS;C:\WINDOWS\System32\Wbem;C:\WINDOWS\System32\WindowsPowerShell\v1.0\;C:\WINDOWS\System32\OpenSSH\;D:\dev\jar\apache-maven-3.6.0\bin;;C:\Program Files\NVIDIA Corporation\NVIDIA NvDLISR;C:\WINDOWS\system32;C:\WINDOWS;C:\WINDOWS\System32\Wbem;C:\WINDOWS\System32\WindowsPowerShell\v1.0\;C:\WINDOWS\System32\OpenSSH\";D:\dev\jar\apache-maven-3.6.0\bin;D:\dev\jar\apache-maven-3.6.0\bin;C:\WINDOWS\system32;C:\Program Files\NVIDIA Corporation\NVIDIA NvDLISR;D:\dev\gradle-4.9-all\gradle-4.9\bin;C:\Users\49596\AppData\Local\Microsoft\WindowsApps;C:\Program Files\Bandizip\;
USERNAME=zzx
OS=Windows_NT
PROCESSOR_IDENTIFIER=Intel64 Family 6 Model 158 Stepping 9, GenuineIntel



---------------  S Y S T E M  ---------------

OS: Windows 10 , 64 bit Build 17763 (10.0.17763.475)

CPU:total 4 (initial active 4) (4 cores per cpu, 1 threads per core) family 6 model 158 stepping 9, cmov, cx8, fxsr, mmx, sse, sse2, sse3, ssse3, sse4.1, sse4.2, popcnt, avx, avx2, aes, clmul, erms, 3dnowpref, lzcnt, tsc, tscinvbit, bmi1, bmi2, adx, fma

Memory: 4k page, system-wide physical 8084M (462M free)
TotalPageFile size 14767M (AvailPageFile size 2743M)
current process WorkingSet (physical memory assigned to process): 36M, peak: 37M
current process commit charge ("private bytes"): 198M, peak: 199M

vm_info: Java HotSpot(TM) 64-Bit Server VM (11.0.1+13-LTS) for windows-amd64 JRE (11.0.1+13-LTS), built on Oct  6 2018 13:20:16 by "mach5one" with MS VC++ 15.5 (VS2017)

END.
